<?xml version="1.0" encoding="UTF-8"?>
<coverage generated="1777791793282" clover="3.2.0">
  <project timestamp="1777791793282" name="All files">
    <metrics statements="74" coveredstatements="63" conditionals="65" coveredconditionals="45" methods="24" coveredmethods="20" elements="163" coveredelements="128" complexity="0" loc="74" ncloc="74" packages="4" files="8" classes="8"/>
    <package name="components.layout">
      <metrics statements="10" coveredstatements="6" conditionals="8" coveredconditionals="4" methods="7" coveredmethods="3"/>
      <file name="Navbar.jsx" path="C:\Users\ujjwa\OneDrive\Desktop\voting2k26\src\components\layout\Navbar.jsx">
        <metrics statements="10" coveredstatements="6" conditionals="8" coveredconditionals="4" methods="7" coveredmethods="3"/>
        <line num="6" count="1" type="stmt"/>
        <line num="7" count="1" type="stmt"/>
        <line num="9" count="1" type="stmt"/>
        <line num="16" count="1" type="stmt"/>
        <line num="32" count="4" type="stmt"/>
        <line num="36" count="4" type="stmt"/>
        <line num="51" count="0" type="stmt"/>
        <line num="73" count="0" type="stmt"/>
        <line num="76" count="0" type="stmt"/>
        <line num="78" count="0" type="stmt"/>
      </file>
    </package>
    <package name="components.ui">
      <metrics statements="8" coveredstatements="8" conditionals="17" coveredconditionals="16" methods="2" coveredmethods="2"/>
      <file name="Button.jsx" path="C:\Users\ujjwa\OneDrive\Desktop\voting2k26\src\components\ui\Button.jsx">
        <metrics statements="4" coveredstatements="4" conditionals="13" coveredconditionals="12" methods="1" coveredmethods="1"/>
        <line num="4" count="2" type="stmt"/>
        <line num="11" count="2" type="stmt"/>
        <line num="17" count="2" type="stmt"/>
        <line num="28" count="7" type="stmt"/>
      </file>
      <file name="Card.jsx" path="C:\Users\ujjwa\OneDrive\Desktop\voting2k26\src\components\ui\Card.jsx">
        <metrics statements="4" coveredstatements="4" conditionals="4" coveredconditionals="4" methods="1" coveredmethods="1"/>
        <line num="4" count="4" type="cond" truecount="2" falsecount="0"/>
        <line num="5" count="50" type="stmt"/>
        <line num="6" count="50" type="cond" truecount="2" falsecount="0"/>
        <line num="8" count="50" type="stmt"/>
      </file>
    </package>
    <package name="data">
      <metrics statements="3" coveredstatements="3" conditionals="0" coveredconditionals="0" methods="0" coveredmethods="0"/>
      <file name="electionData.js" path="C:\Users\ujjwa\OneDrive\Desktop\voting2k26\src\data\electionData.js">
        <metrics statements="3" coveredstatements="3" conditionals="0" coveredconditionals="0" methods="0" coveredmethods="0"/>
        <line num="1" count="3" type="stmt"/>
        <line num="39" count="3" type="stmt"/>
        <line num="67" count="3" type="stmt"/>
      </file>
    </package>
    <package name="pages">
      <metrics statements="53" coveredstatements="46" conditionals="40" coveredconditionals="25" methods="15" coveredmethods="15"/>
      <file name="Assistant.jsx" path="C:\Users\ujjwa\OneDrive\Desktop\voting2k26\src\pages\Assistant.jsx">
        <metrics statements="35" coveredstatements="28" conditionals="34" coveredconditionals="20" methods="9" coveredmethods="9"/>
        <line num="8" count="1" type="stmt"/>
        <line num="9" count="24" type="stmt"/>
        <line num="16" count="24" type="stmt"/>
        <line num="17" count="24" type="stmt"/>
        <line num="18" count="24" type="stmt"/>
        <line num="20" count="24" type="stmt"/>
        <line num="21" count="4" type="stmt"/>
        <line num="24" count="24" type="stmt"/>
        <line num="25" count="4" type="stmt"/>
        <line num="28" count="24" type="stmt"/>
        <line num="29" count="1" type="stmt"/>
        <line num="32" count="1" type="stmt"/>
        <line num="33" count="1" type="cond" truecount="1" falsecount="1"/>
        <line num="35" count="1" type="stmt"/>
        <line num="36" count="1" type="stmt"/>
        <line num="37" count="1" type="stmt"/>
        <line num="38" count="1" type="stmt"/>
        <line num="41" count="1" type="stmt"/>
        <line num="42" count="1" type="stmt"/>
        <line num="44" count="1" type="stmt"/>
        <line num="47" count="1" type="cond" truecount="3" falsecount="1"/>
        <line num="48" count="0" type="stmt"/>
        <line num="49" count="1" type="cond" truecount="2" falsecount="2"/>
        <line num="50" count="1" type="stmt"/>
        <line num="51" count="0" type="cond" truecount="0" falsecount="4"/>
        <line num="52" count="0" type="stmt"/>
        <line num="53" count="0" type="cond" truecount="0" falsecount="2"/>
        <line num="54" count="0" type="stmt"/>
        <line num="55" count="0" type="cond" truecount="0" falsecount="4"/>
        <line num="56" count="0" type="stmt"/>
        <line num="59" count="1" type="stmt"/>
        <line num="60" count="1" type="stmt"/>
        <line num="64" count="24" type="stmt"/>
        <line num="76" count="27" type="stmt"/>
        <line num="119" count="20" type="stmt"/>
      </file>
      <file name="Guide.jsx" path="C:\Users\ujjwa\OneDrive\Desktop\voting2k26\src\pages\Guide.jsx">
        <metrics statements="5" coveredstatements="5" conditionals="0" coveredconditionals="0" methods="2" coveredmethods="2"/>
        <line num="7" count="1" type="stmt"/>
        <line num="8" count="2" type="stmt"/>
        <line num="13" count="2" type="stmt"/>
        <line num="18" count="2" type="stmt"/>
        <line num="32" count="10" type="stmt"/>
      </file>
      <file name="Home.jsx" path="C:\Users\ujjwa\OneDrive\Desktop\voting2k26\src\pages\Home.jsx">
        <metrics statements="6" coveredstatements="6" conditionals="0" coveredconditionals="0" methods="2" coveredmethods="2"/>
        <line num="8" count="1" type="stmt"/>
        <line num="9" count="2" type="stmt"/>
        <line num="19" count="2" type="stmt"/>
        <line num="28" count="2" type="stmt"/>
        <line num="55" count="2" type="stmt"/>
        <line num="88" count="6" type="stmt"/>
      </file>
      <file name="Timeline.jsx" path="C:\Users\ujjwa\OneDrive\Desktop\voting2k26\src\pages\Timeline.jsx">
        <metrics statements="7" coveredstatements="7" conditionals="6" coveredconditionals="5" methods="2" coveredmethods="2"/>
        <line num="7" count="1" type="stmt"/>
        <line num="8" count="2" type="stmt"/>
        <line num="16" count="2" type="stmt"/>
        <line num="21" count="2" type="stmt"/>
        <line num="39" count="10" type="cond" truecount="1" falsecount="1"/>
        <line num="40" count="10" type="stmt"/>
        <line num="42" count="10" type="stmt"/>
      </file>
    </package>
  </project>
</coverage>
