<?xml version="1.0" encoding="UTF-8"?>
<coverage generated="1777794250676" clover="3.2.0">
  <project timestamp="1777794250676" name="All files">
    <metrics statements="84" coveredstatements="83" conditionals="67" coveredconditionals="67" methods="30" coveredmethods="29" elements="181" coveredelements="179" complexity="0" loc="84" ncloc="84" packages="4" files="10" classes="10"/>
    <package name="components.layout">
      <metrics statements="12" coveredstatements="11" conditionals="8" coveredconditionals="8" methods="8" coveredmethods="7"/>
      <file name="Footer.jsx" path="C:\Users\ujjwa\OneDrive\Desktop\voting2k26\src\components\layout\Footer.jsx">
        <metrics statements="2" coveredstatements="2" conditionals="0" coveredconditionals="0" methods="1" coveredmethods="1"/>
        <line num="4" count="1" type="stmt"/>
        <line num="5" count="2" type="stmt"/>
      </file>
      <file name="Navbar.jsx" path="C:\Users\ujjwa\OneDrive\Desktop\voting2k26\src\components\layout\Navbar.jsx">
        <metrics statements="10" coveredstatements="9" conditionals="8" coveredconditionals="8" methods="7" coveredmethods="6"/>
        <line num="6" count="1" type="stmt"/>
        <line num="7" count="4" type="stmt"/>
        <line num="9" count="4" type="stmt"/>
        <line num="16" count="4" type="stmt"/>
        <line num="32" count="16" type="stmt"/>
        <line num="36" count="16" type="stmt"/>
        <line num="51" count="2" type="stmt"/>
        <line num="73" count="4" type="stmt"/>
        <line num="76" count="0" type="stmt"/>
        <line num="78" count="4" type="stmt"/>
      </file>
    </package>
    <package name="components.ui">
      <metrics statements="16" coveredstatements="16" conditionals="19" coveredconditionals="19" methods="7" coveredmethods="7"/>
      <file name="Button.jsx" path="C:\Users\ujjwa\OneDrive\Desktop\voting2k26\src\components\ui\Button.jsx">
        <metrics statements="4" coveredstatements="4" conditionals="13" coveredconditionals="13" methods="1" coveredmethods="1"/>
        <line num="4" count="3" type="stmt"/>
        <line num="11" count="3" type="stmt"/>
        <line num="17" count="3" type="stmt"/>
        <line num="28" count="12" type="stmt"/>
      </file>
      <file name="Card.jsx" path="C:\Users\ujjwa\OneDrive\Desktop\voting2k26\src\components\ui\Card.jsx">
        <metrics statements="4" coveredstatements="4" conditionals="4" coveredconditionals="4" methods="1" coveredmethods="1"/>
        <line num="4" count="5" type="cond" truecount="2" falsecount="0"/>
        <line num="5" count="52" type="stmt"/>
        <line num="6" count="52" type="cond" truecount="2" falsecount="0"/>
        <line num="8" count="52" type="stmt"/>
      </file>
      <file name="ErrorBoundary.jsx" path="C:\Users\ujjwa\OneDrive\Desktop\voting2k26\src\components\ui\ErrorBoundary.jsx">
        <metrics statements="8" coveredstatements="8" conditionals="2" coveredconditionals="2" methods="5" coveredmethods="5"/>
        <line num="8" count="6" type="stmt"/>
        <line num="9" count="6" type="stmt"/>
        <line num="13" count="4" type="stmt"/>
        <line num="18" count="2" type="stmt"/>
        <line num="22" count="9" type="cond" truecount="2" falsecount="0"/>
        <line num="23" count="4" type="stmt"/>
        <line num="33" count="1" type="stmt"/>
        <line num="41" count="5" type="stmt"/>
      </file>
    </package>
    <package name="data">
      <metrics statements="3" coveredstatements="3" conditionals="0" coveredconditionals="0" methods="0" coveredmethods="0"/>
      <file name="electionData.js" path="C:\Users\ujjwa\OneDrive\Desktop\voting2k26\src\data\electionData.js">
        <metrics statements="3" coveredstatements="3" conditionals="0" coveredconditionals="0" methods="0" coveredmethods="0"/>
        <line num="1" count="3" type="stmt"/>
        <line num="39" count="3" type="stmt"/>
        <line num="67" count="3" type="stmt"/>
      </file>
    </package>
    <package name="pages">
      <metrics statements="53" coveredstatements="53" conditionals="40" coveredconditionals="40" methods="15" coveredmethods="15"/>
      <file name="Assistant.jsx" path="C:\Users\ujjwa\OneDrive\Desktop\voting2k26\src\pages\Assistant.jsx">
        <metrics statements="35" coveredstatements="35" conditionals="34" coveredconditionals="34" methods="9" coveredmethods="9"/>
        <line num="8" count="1" type="stmt"/>
        <line num="9" count="28" type="stmt"/>
        <line num="16" count="28" type="stmt"/>
        <line num="17" count="28" type="stmt"/>
        <line num="18" count="28" type="stmt"/>
        <line num="20" count="28" type="stmt"/>
        <line num="21" count="21" type="stmt"/>
        <line num="24" count="28" type="stmt"/>
        <line num="25" count="21" type="stmt"/>
        <line num="28" count="28" type="stmt"/>
        <line num="29" count="7" type="stmt"/>
        <line num="32" count="7" type="stmt"/>
        <line num="33" count="7" type="cond" truecount="2" falsecount="0"/>
        <line num="35" count="6" type="stmt"/>
        <line num="36" count="6" type="stmt"/>
        <line num="37" count="6" type="stmt"/>
        <line num="38" count="6" type="stmt"/>
        <line num="41" count="6" type="stmt"/>
        <line num="42" count="6" type="stmt"/>
        <line num="44" count="6" type="stmt"/>
        <line num="47" count="6" type="cond" truecount="4" falsecount="0"/>
        <line num="48" count="1" type="stmt"/>
        <line num="49" count="5" type="cond" truecount="4" falsecount="0"/>
        <line num="50" count="1" type="stmt"/>
        <line num="51" count="4" type="cond" truecount="4" falsecount="0"/>
        <line num="52" count="1" type="stmt"/>
        <line num="53" count="3" type="cond" truecount="2" falsecount="0"/>
        <line num="54" count="1" type="stmt"/>
        <line num="55" count="2" type="cond" truecount="4" falsecount="0"/>
        <line num="56" count="1" type="stmt"/>
        <line num="59" count="6" type="stmt"/>
        <line num="60" count="6" type="stmt"/>
        <line num="64" count="28" type="stmt"/>
        <line num="76" count="46" type="stmt"/>
        <line num="119" count="7" type="stmt"/>
      </file>
      <file name="Guide.jsx" path="C:\Users\ujjwa\OneDrive\Desktop\voting2k26\src\pages\Guide.jsx">
        <metrics statements="5" coveredstatements="5" conditionals="0" coveredconditionals="0" methods="2" coveredmethods="2"/>
        <line num="7" count="1" type="stmt"/>
        <line num="8" count="2" type="stmt"/>
        <line num="13" count="2" type="stmt"/>
        <line num="18" count="2" type="stmt"/>
        <line num="32" count="10" type="stmt"/>
      </file>
      <file name="Home.jsx" path="C:\Users\ujjwa\OneDrive\Desktop\voting2k26\src\pages\Home.jsx">
        <metrics statements="6" coveredstatements="6" conditionals="0" coveredconditionals="0" methods="2" coveredmethods="2"/>
        <line num="8" count="1" type="stmt"/>
        <line num="9" count="2" type="stmt"/>
        <line num="19" count="2" type="stmt"/>
        <line num="28" count="2" type="stmt"/>
        <line num="55" count="2" type="stmt"/>
        <line num="88" count="6" type="stmt"/>
      </file>
      <file name="Timeline.jsx" path="C:\Users\ujjwa\OneDrive\Desktop\voting2k26\src\pages\Timeline.jsx">
        <metrics statements="7" coveredstatements="7" conditionals="6" coveredconditionals="6" methods="2" coveredmethods="2"/>
        <line num="7" count="1" type="stmt"/>
        <line num="8" count="2" type="stmt"/>
        <line num="16" count="2" type="stmt"/>
        <line num="21" count="2" type="stmt"/>
        <line num="39" count="4" type="cond" truecount="2" falsecount="0"/>
        <line num="40" count="4" type="stmt"/>
        <line num="42" count="4" type="stmt"/>
      </file>
    </package>
  </project>
</coverage>
