{"C:\\Users\\ujjwa\\OneDrive\\Desktop\\voting2k26\\src\\components\\layout\\Footer.jsx": {"path":"C:\\Users\\ujjwa\\OneDrive\\Desktop\\voting2k26\\src\\components\\layout\\Footer.jsx","statementMap":{"0":{"start":{"line":4,"column":6},"end":{"line":26,"column":null}},"1":{"start":{"line":5,"column":2},"end":{"line":26,"column":null}}},"fnMap":{"0":{"name":"(anonymous_0)","decl":{"start":{"line":4,"column":6},"end":{"line":4,"column":21}},"loc":{"start":{"line":4,"column":21},"end":{"line":26,"column":null}},"line":4}},"branchMap":{},"s":{"0":1,"1":2},"f":{"0":2},"b":{},"meta":{"lastBranch":0,"lastFunction":1,"lastStatement":2,"seen":{"s:4:6:26:Infinity":0,"f:4:6:4:21":0,"s:5:2:26:Infinity":1}}}
,"C:\\Users\\ujjwa\\OneDrive\\Desktop\\voting2k26\\src\\components\\layout\\Navbar.jsx": {"path":"C:\\Users\\ujjwa\\OneDrive\\Desktop\\voting2k26\\src\\components\\layout\\Navbar.jsx","statementMap":{"0":{"start":{"line":6,"column":6},"end":{"line":91,"column":null}},"1":{"start":{"line":7,"column":30},"end":{"line":7,"column":51}},"2":{"start":{"line":9,"column":16},"end":{"line":14,"column":null}},"3":{"start":{"line":16,"column":2},"end":{"line":91,"column":null}},"4":{"start":{"line":32,"column":14},"end":{"line":44,"column":null}},"5":{"start":{"line":36,"column":18},"end":{"line":39,"column":null}},"6":{"start":{"line":51,"column":29},"end":{"line":51,"column":47}},"7":{"start":{"line":73,"column":16},"end":{"line":86,"column":null}},"8":{"start":{"line":76,"column":33},"end":{"line":76,"column":49}},"9":{"start":{"line":78,"column":20},"end":{"line":81,"column":null}}},"fnMap":{"0":{"name":"(anonymous_0)","decl":{"start":{"line":6,"column":6},"end":{"line":6,"column":21}},"loc":{"start":{"line":6,"column":21},"end":{"line":91,"column":null}},"line":6},"1":{"name":"(anonymous_1)","decl":{"start":{"line":31,"column":19},"end":{"line":31,"column":24}},"loc":{"start":{"line":32,"column":14},"end":{"line":44,"column":null}},"line":32},"2":{"name":"(anonymous_2)","decl":{"start":{"line":35,"column":16},"end":{"line":35,"column":28}},"loc":{"start":{"line":36,"column":18},"end":{"line":39,"column":null}},"line":36},"3":{"name":"(anonymous_3)","decl":{"start":{"line":51,"column":14},"end":{"line":51,"column":29}},"loc":{"start":{"line":51,"column":29},"end":{"line":51,"column":47}},"line":51},"4":{"name":"(anonymous_4)","decl":{"start":{"line":72,"column":21},"end":{"line":72,"column":26}},"loc":{"start":{"line":73,"column":16},"end":{"line":86,"column":null}},"line":73},"5":{"name":"(anonymous_5)","decl":{"start":{"line":76,"column":18},"end":{"line":76,"column":33}},"loc":{"start":{"line":76,"column":33},"end":{"line":76,"column":49}},"line":76},"6":{"name":"(anonymous_6)","decl":{"start":{"line":77,"column":18},"end":{"line":77,"column":30}},"loc":{"start":{"line":78,"column":20},"end":{"line":81,"column":null}},"line":78}},"branchMap":{"0":{"loc":{"start":{"line":37,"column":20},"end":{"line":39,"column":null}},"type":"cond-expr","locations":[{"start":{"line":38,"column":24},"end":{"line":38,"column":null}},{"start":{"line":39,"column":24},"end":{"line":39,"column":null}}],"line":37},"1":{"loc":{"start":{"line":56,"column":15},"end":{"line":56,"column":null}},"type":"cond-expr","locations":[{"start":{"line":56,"column":24},"end":{"line":56,"column":53}},{"start":{"line":56,"column":52},"end":{"line":56,"column":null}}],"line":56},"2":{"loc":{"start":{"line":64,"column":9},"end":{"line":91,"column":null}},"type":"binary-expr","locations":[{"start":{"line":64,"column":9},"end":{"line":64,"column":null}},{"start":{"line":65,"column":10},"end":{"line":91,"column":null}}],"line":64},"3":{"loc":{"start":{"line":79,"column":22},"end":{"line":81,"column":null}},"type":"cond-expr","locations":[{"start":{"line":80,"column":26},"end":{"line":80,"column":null}},{"start":{"line":81,"column":26},"end":{"line":81,"column":null}}],"line":79}},"s":{"0":1,"1":4,"2":4,"3":4,"4":16,"5":16,"6":2,"7":4,"8":0,"9":4},"f":{"0":4,"1":16,"2":16,"3":2,"4":4,"5":0,"6":4},"b":{"0":[4,12],"1":[1,3],"2":[4,1],"3":[1,3]},"meta":{"lastBranch":4,"lastFunction":7,"lastStatement":10,"seen":{"s:6:6:91:Infinity":0,"f:6:6:6:21":0,"s:7:30:7:51":1,"s:9:16:14:Infinity":2,"s:16:2:91:Infinity":3,"f:31:19:31:24":1,"s:32:14:44:Infinity":4,"f:35:16:35:28":2,"s:36:18:39:Infinity":5,"b:38:24:38:Infinity:39:24:39:Infinity":0,"f:51:14:51:29":3,"s:51:29:51:47":6,"b:56:24:56:53:56:52:56:Infinity":1,"b:64:9:64:Infinity:65:10:91:Infinity":2,"f:72:21:72:26":4,"s:73:16:86:Infinity":7,"f:76:18:76:33":5,"s:76:33:76:49":8,"f:77:18:77:30":6,"s:78:20:81:Infinity":9,"b:80:26:80:Infinity:81:26:81:Infinity":3}}}
,"C:\\Users\\ujjwa\\OneDrive\\Desktop\\voting2k26\\src\\components\\ui\\Button.jsx": {"path":"C:\\Users\\ujjwa\\OneDrive\\Desktop\\voting2k26\\src\\components\\ui\\Button.jsx","statementMap":{"0":{"start":{"line":4,"column":17},"end":{"line":9,"column":null}},"1":{"start":{"line":11,"column":14},"end":{"line":15,"column":null}},"2":{"start":{"line":17,"column":6},"end":{"line":45,"column":null}},"3":{"start":{"line":28,"column":2},"end":{"line":45,"column":null}}},"fnMap":{"0":{"name":"(anonymous_0)","decl":{"start":{"line":17,"column":6},"end":{"line":17,"column":16}},"loc":{"start":{"line":27,"column":6},"end":{"line":45,"column":null}},"line":27}},"branchMap":{"0":{"loc":{"start":{"line":19,"column":2},"end":{"line":19,"column":null}},"type":"default-arg","locations":[{"start":{"line":19,"column":12},"end":{"line":19,"column":null}}],"line":19},"1":{"loc":{"start":{"line":20,"column":2},"end":{"line":20,"column":null}},"type":"default-arg","locations":[{"start":{"line":20,"column":9},"end":{"line":20,"column":null}}],"line":20},"2":{"loc":{"start":{"line":21,"column":2},"end":{"line":21,"column":null}},"type":"default-arg","locations":[{"start":{"line":21,"column":14},"end":{"line":21,"column":null}}],"line":21},"3":{"loc":{"start":{"line":23,"column":2},"end":{"line":23,"column":null}},"type":"default-arg","locations":[{"start":{"line":23,"column":9},"end":{"line":23,"column":null}}],"line":23},"4":{"loc":{"start":{"line":24,"column":2},"end":{"line":24,"column":null}},"type":"default-arg","locations":[{"start":{"line":24,"column":13},"end":{"line":24,"column":null}}],"line":24},"5":{"loc":{"start":{"line":30,"column":27},"end":{"line":30,"column":48}},"type":"cond-expr","locations":[{"start":{"line":30,"column":38},"end":{"line":30,"column":42}},{"start":{"line":30,"column":42},"end":{"line":30,"column":48}}],"line":30},"6":{"loc":{"start":{"line":31,"column":25},"end":{"line":31,"column":46}},"type":"cond-expr","locations":[{"start":{"line":31,"column":36},"end":{"line":31,"column":40}},{"start":{"line":31,"column":40},"end":{"line":31,"column":46}}],"line":31},"7":{"loc":{"start":{"line":39,"column":10},"end":{"line":39,"column":null}},"type":"cond-expr","locations":[{"start":{"line":39,"column":21},"end":{"line":39,"column":55}},{"start":{"line":39,"column":55},"end":{"line":39,"column":null}}],"line":39},"8":{"loc":{"start":{"line":44,"column":7},"end":{"line":45,"column":null}},"type":"binary-expr","locations":[{"start":{"line":44,"column":7},"end":{"line":44,"column":15}},{"start":{"line":44,"column":15},"end":{"line":45,"column":null}}],"line":44}},"s":{"0":3,"1":3,"2":3,"3":12},"f":{"0":12},"b":{"0":[12],"1":[12],"2":[12],"3":[12],"4":[12],"5":[1,11],"6":[1,11],"7":[1,11],"8":[12,1]},"meta":{"lastBranch":9,"lastFunction":1,"lastStatement":4,"seen":{"s:4:17:9:Infinity":0,"s:11:14:15:Infinity":1,"s:17:6:45:Infinity":2,"f:17:6:17:16":0,"b:19:12:19:Infinity":0,"b:20:9:20:Infinity":1,"b:21:14:21:Infinity":2,"b:23:9:23:Infinity":3,"b:24:13:24:Infinity":4,"s:28:2:45:Infinity":3,"b:30:38:30:42:30:42:30:48":5,"b:31:36:31:40:31:40:31:46":6,"b:39:21:39:55:39:55:39:Infinity":7,"b:44:7:44:15:44:15:45:Infinity":8}}}
,"C:\\Users\\ujjwa\\OneDrive\\Desktop\\voting2k26\\src\\components\\ui\\Card.jsx": {"path":"C:\\Users\\ujjwa\\OneDrive\\Desktop\\voting2k26\\src\\components\\ui\\Card.jsx","statementMap":{"0":{"start":{"line":4,"column":6},"end":{"line":14,"column":null}},"1":{"start":{"line":5,"column":22},"end":{"line":5,"column":null}},"2":{"start":{"line":6,"column":23},"end":{"line":6,"column":null}},"3":{"start":{"line":8,"column":2},"end":{"line":14,"column":null}}},"fnMap":{"0":{"name":"(anonymous_0)","decl":{"start":{"line":4,"column":6},"end":{"line":4,"column":14}},"loc":{"start":{"line":4,"column":72},"end":{"line":14,"column":null}},"line":4}},"branchMap":{"0":{"loc":{"start":{"line":4,"column":26},"end":{"line":4,"column":42}},"type":"default-arg","locations":[{"start":{"line":4,"column":38},"end":{"line":4,"column":42}}],"line":4},"1":{"loc":{"start":{"line":4,"column":42},"end":{"line":4,"column":57}},"type":"default-arg","locations":[{"start":{"line":4,"column":50},"end":{"line":4,"column":57}}],"line":4},"2":{"loc":{"start":{"line":6,"column":23},"end":{"line":6,"column":null}},"type":"cond-expr","locations":[{"start":{"line":6,"column":31},"end":{"line":6,"column":120}},{"start":{"line":6,"column":120},"end":{"line":6,"column":null}}],"line":6}},"s":{"0":5,"1":52,"2":52,"3":52},"f":{"0":52},"b":{"0":[52],"1":[52],"2":[20,32]},"meta":{"lastBranch":3,"lastFunction":1,"lastStatement":4,"seen":{"s:4:6:14:Infinity":0,"f:4:6:4:14":0,"b:4:38:4:42":0,"b:4:50:4:57":1,"s:5:22:5:Infinity":1,"s:6:23:6:Infinity":2,"b:6:31:6:120:6:120:6:Infinity":2,"s:8:2:14:Infinity":3}}}
,"C:\\Users\\ujjwa\\OneDrive\\Desktop\\voting2k26\\src\\components\\ui\\ErrorBoundary.jsx": {"path":"C:\\Users\\ujjwa\\OneDrive\\Desktop\\voting2k26\\src\\components\\ui\\ErrorBoundary.jsx","statementMap":{"0":{"start":{"line":8,"column":4},"end":{"line":8,"column":null}},"1":{"start":{"line":9,"column":4},"end":{"line":9,"column":null}},"2":{"start":{"line":13,"column":4},"end":{"line":13,"column":null}},"3":{"start":{"line":18,"column":4},"end":{"line":18,"column":null}},"4":{"start":{"line":22,"column":4},"end":{"line":37,"column":null}},"5":{"start":{"line":23,"column":6},"end":{"line":37,"column":null}},"6":{"start":{"line":33,"column":35},"end":{"line":33,"column":59}},"7":{"start":{"line":41,"column":4},"end":{"line":41,"column":null}}},"fnMap":{"0":{"name":"(anonymous_0)","decl":{"start":{"line":7,"column":2},"end":{"line":7,"column":14}},"loc":{"start":{"line":7,"column":21},"end":{"line":9,"column":null}},"line":7},"1":{"name":"(anonymous_1)","decl":{"start":{"line":12,"column":9},"end":{"line":12,"column":34}},"loc":{"start":{"line":12,"column":41},"end":{"line":13,"column":null}},"line":12},"2":{"name":"(anonymous_2)","decl":{"start":{"line":16,"column":2},"end":{"line":16,"column":20}},"loc":{"start":{"line":16,"column":38},"end":{"line":18,"column":null}},"line":16},"3":{"name":"(anonymous_3)","decl":{"start":{"line":21,"column":2},"end":{"line":21,"column":11}},"loc":{"start":{"line":21,"column":11},"end":{"line":41,"column":null}},"line":21},"4":{"name":"(anonymous_4)","decl":{"start":{"line":33,"column":20},"end":{"line":33,"column":35}},"loc":{"start":{"line":33,"column":35},"end":{"line":33,"column":59}},"line":33}},"branchMap":{"0":{"loc":{"start":{"line":22,"column":4},"end":{"line":37,"column":null}},"type":"if","locations":[{"start":{"line":22,"column":4},"end":{"line":37,"column":null}},{"start":{},"end":{}}],"line":22}},"s":{"0":6,"1":6,"2":4,"3":2,"4":9,"5":4,"6":1,"7":5},"f":{"0":6,"1":1,"2":2,"3":9,"4":1},"b":{"0":[4,5]},"meta":{"lastBranch":1,"lastFunction":5,"lastStatement":8,"seen":{"f:7:2:7:14":0,"s:8:4:8:Infinity":0,"s:9:4:9:Infinity":1,"f:12:9:12:34":1,"s:13:4:13:Infinity":2,"f:16:2:16:20":2,"s:18:4:18:Infinity":3,"f:21:2:21:11":3,"b:22:4:37:Infinity:undefined:undefined:undefined:undefined":0,"s:22:4:37:Infinity":4,"s:23:6:37:Infinity":5,"f:33:20:33:35":4,"s:33:35:33:59":6,"s:41:4:41:Infinity":7}}}
,"C:\\Users\\ujjwa\\OneDrive\\Desktop\\voting2k26\\src\\data\\electionData.js": {"path":"C:\\Users\\ujjwa\\OneDrive\\Desktop\\voting2k26\\src\\data\\electionData.js","statementMap":{"0":{"start":{"line":1,"column":28},"end":{"line":37,"column":null}},"1":{"start":{"line":39,"column":25},"end":{"line":65,"column":null}},"2":{"start":{"line":67,"column":23},"end":{"line":84,"column":null}}},"fnMap":{},"branchMap":{},"s":{"0":3,"1":3,"2":3},"f":{},"b":{},"meta":{"lastBranch":0,"lastFunction":0,"lastStatement":3,"seen":{"s:1:28:37:Infinity":0,"s:39:25:65:Infinity":1,"s:67:23:84:Infinity":2}}}
,"C:\\Users\\ujjwa\\OneDrive\\Desktop\\voting2k26\\src\\pages\\Assistant.jsx": {"path":"C:\\Users\\ujjwa\\OneDrive\\Desktop\\voting2k26\\src\\pages\\Assistant.jsx","statementMap":{"0":{"start":{"line":8,"column":6},"end":{"line":133,"column":null}},"1":{"start":{"line":9,"column":19},"end":{"line":15,"column":4}},"2":{"start":{"line":16,"column":16},"end":{"line":16,"column":40}},"3":{"start":{"line":17,"column":19},"end":{"line":17,"column":49}},"4":{"start":{"line":18,"column":8},"end":{"line":18,"column":37}},"5":{"start":{"line":20,"column":8},"end":{"line":21,"column":null}},"6":{"start":{"line":21,"column":4},"end":{"line":21,"column":null}},"7":{"start":{"line":24,"column":2},"end":{"line":26,"column":null}},"8":{"start":{"line":25,"column":4},"end":{"line":25,"column":null}},"9":{"start":{"line":28,"column":8},"end":{"line":62,"column":13}},"10":{"start":{"line":29,"column":4},"end":{"line":29,"column":null}},"11":{"start":{"line":32,"column":23},"end":{"line":32,"column":55}},"12":{"start":{"line":33,"column":4},"end":{"line":33,"column":null}},"13":{"start":{"line":33,"column":21},"end":{"line":33,"column":null}},"14":{"start":{"line":35,"column":24},"end":{"line":35,"column":null}},"15":{"start":{"line":36,"column":4},"end":{"line":36,"column":null}},"16":{"start":{"line":36,"column":24},"end":{"line":36,"column":46}},"17":{"start":{"line":37,"column":4},"end":{"line":37,"column":null}},"18":{"start":{"line":38,"column":4},"end":{"line":38,"column":null}},"19":{"start":{"line":41,"column":4},"end":{"line":61,"column":null}},"20":{"start":{"line":42,"column":25},"end":{"line":42,"column":null}},"21":{"start":{"line":44,"column":29},"end":{"line":44,"column":59}},"22":{"start":{"line":47,"column":6},"end":{"line":56,"column":null}},"23":{"start":{"line":48,"column":8},"end":{"line":48,"column":null}},"24":{"start":{"line":49,"column":17},"end":{"line":56,"column":null}},"25":{"start":{"line":50,"column":8},"end":{"line":50,"column":null}},"26":{"start":{"line":51,"column":17},"end":{"line":56,"column":null}},"27":{"start":{"line":52,"column":8},"end":{"line":52,"column":null}},"28":{"start":{"line":53,"column":17},"end":{"line":56,"column":null}},"29":{"start":{"line":54,"column":8},"end":{"line":54,"column":null}},"30":{"start":{"line":55,"column":17},"end":{"line":56,"column":null}},"31":{"start":{"line":56,"column":8},"end":{"line":56,"column":null}},"32":{"start":{"line":59,"column":6},"end":{"line":59,"column":null}},"33":{"start":{"line":59,"column":26},"end":{"line":59,"column":92}},"34":{"start":{"line":60,"column":6},"end":{"line":60,"column":null}},"35":{"start":{"line":64,"column":2},"end":{"line":133,"column":null}},"36":{"start":{"line":76,"column":14},"end":{"line":95,"column":null}},"37":{"start":{"line":119,"column":31},"end":{"line":119,"column":55}}},"fnMap":{"0":{"name":"(anonymous_0)","decl":{"start":{"line":8,"column":6},"end":{"line":8,"column":24}},"loc":{"start":{"line":8,"column":24},"end":{"line":133,"column":null}},"line":8},"1":{"name":"(anonymous_1)","decl":{"start":{"line":20,"column":8},"end":{"line":20,"column":31}},"loc":{"start":{"line":20,"column":31},"end":{"line":21,"column":null}},"line":20},"2":{"name":"(anonymous_2)","decl":{"start":{"line":24,"column":2},"end":{"line":24,"column":18}},"loc":{"start":{"line":24,"column":18},"end":{"line":26,"column":6}},"line":24},"3":{"name":"(anonymous_3)","decl":{"start":{"line":28,"column":21},"end":{"line":28,"column":34}},"loc":{"start":{"line":28,"column":40},"end":{"line":62,"column":6}},"line":28},"4":{"name":"(anonymous_4)","decl":{"start":{"line":36,"column":4},"end":{"line":36,"column":16}},"loc":{"start":{"line":36,"column":24},"end":{"line":36,"column":46}},"line":36},"5":{"name":"(anonymous_5)","decl":{"start":{"line":41,"column":4},"end":{"line":41,"column":21}},"loc":{"start":{"line":41,"column":21},"end":{"line":61,"column":11}},"line":41},"6":{"name":"(anonymous_6)","decl":{"start":{"line":59,"column":6},"end":{"line":59,"column":18}},"loc":{"start":{"line":59,"column":26},"end":{"line":59,"column":92}},"line":59},"7":{"name":"(anonymous_7)","decl":{"start":{"line":75,"column":22},"end":{"line":75,"column":27}},"loc":{"start":{"line":76,"column":14},"end":{"line":95,"column":null}},"line":76},"8":{"name":"(anonymous_8)","decl":{"start":{"line":119,"column":14},"end":{"line":119,"column":25}},"loc":{"start":{"line":119,"column":31},"end":{"line":119,"column":55}},"line":119}},"branchMap":{"0":{"loc":{"start":{"line":33,"column":4},"end":{"line":33,"column":null}},"type":"if","locations":[{"start":{"line":33,"column":4},"end":{"line":33,"column":null}},{"start":{},"end":{}}],"line":33},"1":{"loc":{"start":{"line":47,"column":6},"end":{"line":56,"column":null}},"type":"if","locations":[{"start":{"line":47,"column":6},"end":{"line":56,"column":null}},{"start":{"line":49,"column":17},"end":{"line":56,"column":null}}],"line":47},"2":{"loc":{"start":{"line":47,"column":10},"end":{"line":47,"column":75}},"type":"binary-expr","locations":[{"start":{"line":47,"column":10},"end":{"line":47,"column":39}},{"start":{"line":47,"column":43},"end":{"line":47,"column":75}}],"line":47},"3":{"loc":{"start":{"line":49,"column":17},"end":{"line":56,"column":null}},"type":"if","locations":[{"start":{"line":49,"column":17},"end":{"line":56,"column":null}},{"start":{"line":51,"column":17},"end":{"line":56,"column":null}}],"line":49},"4":{"loc":{"start":{"line":49,"column":17},"end":{"line":49,"column":93}},"type":"binary-expr","locations":[{"start":{"line":49,"column":17},"end":{"line":49,"column":50}},{"start":{"line":49,"column":54},"end":{"line":49,"column":93}}],"line":49},"5":{"loc":{"start":{"line":51,"column":17},"end":{"line":56,"column":null}},"type":"if","locations":[{"start":{"line":51,"column":17},"end":{"line":56,"column":null}},{"start":{"line":53,"column":17},"end":{"line":56,"column":null}}],"line":51},"6":{"loc":{"start":{"line":51,"column":17},"end":{"line":51,"column":85}},"type":"binary-expr","locations":[{"start":{"line":51,"column":17},"end":{"line":51,"column":47}},{"start":{"line":51,"column":51},"end":{"line":51,"column":85}}],"line":51},"7":{"loc":{"start":{"line":53,"column":17},"end":{"line":56,"column":null}},"type":"if","locations":[{"start":{"line":53,"column":17},"end":{"line":56,"column":null}},{"start":{"line":55,"column":17},"end":{"line":56,"column":null}}],"line":53},"8":{"loc":{"start":{"line":55,"column":17},"end":{"line":56,"column":null}},"type":"if","locations":[{"start":{"line":55,"column":17},"end":{"line":56,"column":null}},{"start":{},"end":{}}],"line":55},"9":{"loc":{"start":{"line":55,"column":17},"end":{"line":55,"column":82}},"type":"binary-expr","locations":[{"start":{"line":55,"column":17},"end":{"line":55,"column":49}},{"start":{"line":55,"column":53},"end":{"line":55,"column":82}}],"line":55},"10":{"loc":{"start":{"line":80,"column":41},"end":{"line":80,"column":null}},"type":"cond-expr","locations":[{"start":{"line":80,"column":63},"end":{"line":80,"column":84}},{"start":{"line":80,"column":84},"end":{"line":80,"column":null}}],"line":80},"11":{"loc":{"start":{"line":83,"column":110},"end":{"line":83,"column":null}},"type":"cond-expr","locations":[{"start":{"line":83,"column":132},"end":{"line":83,"column":158}},{"start":{"line":83,"column":158},"end":{"line":83,"column":null}}],"line":83},"12":{"loc":{"start":{"line":84,"column":30},"end":{"line":84,"column":null}},"type":"cond-expr","locations":[{"start":{"line":84,"column":52},"end":{"line":84,"column":60}},{"start":{"line":84,"column":60},"end":{"line":84,"column":null}}],"line":84},"13":{"loc":{"start":{"line":86,"column":19},"end":{"line":86,"column":null}},"type":"cond-expr","locations":[{"start":{"line":86,"column":41},"end":{"line":86,"column":73}},{"start":{"line":86,"column":72},"end":{"line":86,"column":null}}],"line":86},"14":{"loc":{"start":{"line":89,"column":18},"end":{"line":91,"column":null}},"type":"cond-expr","locations":[{"start":{"line":90,"column":22},"end":{"line":90,"column":null}},{"start":{"line":91,"column":22},"end":{"line":91,"column":null}}],"line":89},"15":{"loc":{"start":{"line":99,"column":11},"end":{"line":106,"column":null}},"type":"binary-expr","locations":[{"start":{"line":99,"column":11},"end":{"line":99,"column":null}},{"start":{"line":100,"column":12},"end":{"line":106,"column":null}}],"line":99},"16":{"loc":{"start":{"line":126,"column":24},"end":{"line":126,"column":null}},"type":"binary-expr","locations":[{"start":{"line":126,"column":24},"end":{"line":126,"column":37}},{"start":{"line":126,"column":41},"end":{"line":126,"column":null}}],"line":126}},"s":{"0":1,"1":28,"2":28,"3":28,"4":28,"5":28,"6":21,"7":28,"8":21,"9":28,"10":7,"11":7,"12":7,"13":1,"14":6,"15":6,"16":6,"17":6,"18":6,"19":6,"20":6,"21":6,"22":6,"23":1,"24":5,"25":1,"26":4,"27":1,"28":3,"29":1,"30":2,"31":1,"32":6,"33":6,"34":6,"35":28,"36":46,"37":7},"f":{"0":28,"1":21,"2":21,"3":7,"4":6,"5":6,"6":6,"7":46,"8":7},"b":{"0":[1,6],"1":[1,5],"2":[6,5],"3":[1,4],"4":[5,4],"5":[1,3],"6":[4,3],"7":[1,2],"8":[1,1],"9":[2,2],"10":[12,34],"11":[12,34],"12":[12,34],"13":[12,34],"14":[12,34],"15":[28,6],"16":[28,7]},"meta":{"lastBranch":17,"lastFunction":9,"lastStatement":38,"seen":{"s:8:6:133:Infinity":0,"f:8:6:8:24":0,"s:9:19:15:4":1,"s:16:16:16:40":2,"s:17:19:17:49":3,"s:18:8:18:37":4,"s:20:8:21:Infinity":5,"f:20:8:20:31":1,"s:21:4:21:Infinity":6,"s:24:2:26:Infinity":7,"f:24:2:24:18":2,"s:25:4:25:Infinity":8,"s:28:8:62:13":9,"f:28:21:28:34":3,"s:29:4:29:Infinity":10,"s:32:23:32:55":11,"b:33:4:33:Infinity:undefined:undefined:undefined:undefined":0,"s:33:4:33:Infinity":12,"s:33:21:33:Infinity":13,"s:35:24:35:Infinity":14,"s:36:4:36:Infinity":15,"f:36:4:36:16":4,"s:36:24:36:46":16,"s:37:4:37:Infinity":17,"s:38:4:38:Infinity":18,"s:41:4:61:Infinity":19,"f:41:4:41:21":5,"s:42:25:42:Infinity":20,"s:44:29:44:59":21,"b:47:6:56:Infinity:49:17:56:Infinity":1,"s:47:6:56:Infinity":22,"b:47:10:47:39:47:43:47:75":2,"s:48:8:48:Infinity":23,"b:49:17:56:Infinity:51:17:56:Infinity":3,"s:49:17:56:Infinity":24,"b:49:17:49:50:49:54:49:93":4,"s:50:8:50:Infinity":25,"b:51:17:56:Infinity:53:17:56:Infinity":5,"s:51:17:56:Infinity":26,"b:51:17:51:47:51:51:51:85":6,"s:52:8:52:Infinity":27,"b:53:17:56:Infinity:55:17:56:Infinity":7,"s:53:17:56:Infinity":28,"s:54:8:54:Infinity":29,"b:55:17:56:Infinity:undefined:undefined:undefined:undefined":8,"s:55:17:56:Infinity":30,"b:55:17:55:49:55:53:55:82":9,"s:56:8:56:Infinity":31,"s:59:6:59:Infinity":32,"f:59:6:59:18":6,"s:59:26:59:92":33,"s:60:6:60:Infinity":34,"s:64:2:133:Infinity":35,"f:75:22:75:27":7,"s:76:14:95:Infinity":36,"b:80:63:80:84:80:84:80:Infinity":10,"b:83:132:83:158:83:158:83:Infinity":11,"b:84:52:84:60:84:60:84:Infinity":12,"b:86:41:86:73:86:72:86:Infinity":13,"b:90:22:90:Infinity:91:22:91:Infinity":14,"b:99:11:99:Infinity:100:12:106:Infinity":15,"f:119:14:119:25":8,"s:119:31:119:55":37,"b:126:24:126:37:126:41:126:Infinity":16}}}
,"C:\\Users\\ujjwa\\OneDrive\\Desktop\\voting2k26\\src\\pages\\Guide.jsx": {"path":"C:\\Users\\ujjwa\\OneDrive\\Desktop\\voting2k26\\src\\pages\\Guide.jsx","statementMap":{"0":{"start":{"line":7,"column":6},"end":{"line":56,"column":null}},"1":{"start":{"line":8,"column":28},"end":{"line":11,"column":null}},"2":{"start":{"line":13,"column":23},"end":{"line":16,"column":null}},"3":{"start":{"line":18,"column":2},"end":{"line":56,"column":null}},"4":{"start":{"line":32,"column":10},"end":{"line":54,"column":null}}},"fnMap":{"0":{"name":"(anonymous_0)","decl":{"start":{"line":7,"column":6},"end":{"line":7,"column":20}},"loc":{"start":{"line":7,"column":20},"end":{"line":56,"column":null}},"line":7},"1":{"name":"(anonymous_1)","decl":{"start":{"line":31,"column":19},"end":{"line":31,"column":24}},"loc":{"start":{"line":32,"column":10},"end":{"line":54,"column":null}},"line":32}},"branchMap":{},"s":{"0":1,"1":2,"2":2,"3":2,"4":10},"f":{"0":2,"1":10},"b":{},"meta":{"lastBranch":0,"lastFunction":2,"lastStatement":5,"seen":{"s:7:6:56:Infinity":0,"f:7:6:7:20":0,"s:8:28:11:Infinity":1,"s:13:23:16:Infinity":2,"s:18:2:56:Infinity":3,"f:31:19:31:24":1,"s:32:10:54:Infinity":4}}}
,"C:\\Users\\ujjwa\\OneDrive\\Desktop\\voting2k26\\src\\pages\\Home.jsx": {"path":"C:\\Users\\ujjwa\\OneDrive\\Desktop\\voting2k26\\src\\pages\\Home.jsx","statementMap":{"0":{"start":{"line":8,"column":6},"end":{"line":101,"column":null}},"1":{"start":{"line":9,"column":28},"end":{"line":17,"column":null}},"2":{"start":{"line":19,"column":23},"end":{"line":26,"column":null}},"3":{"start":{"line":28,"column":19},"end":{"line":53,"column":null}},"4":{"start":{"line":55,"column":2},"end":{"line":101,"column":null}},"5":{"start":{"line":88,"column":12},"end":{"line":98,"column":null}}},"fnMap":{"0":{"name":"(anonymous_0)","decl":{"start":{"line":8,"column":6},"end":{"line":8,"column":19}},"loc":{"start":{"line":8,"column":19},"end":{"line":101,"column":null}},"line":8},"1":{"name":"(anonymous_1)","decl":{"start":{"line":87,"column":20},"end":{"line":87,"column":25}},"loc":{"start":{"line":88,"column":12},"end":{"line":98,"column":null}},"line":88}},"branchMap":{},"s":{"0":1,"1":2,"2":2,"3":2,"4":2,"5":6},"f":{"0":2,"1":6},"b":{},"meta":{"lastBranch":0,"lastFunction":2,"lastStatement":6,"seen":{"s:8:6:101:Infinity":0,"f:8:6:8:19":0,"s:9:28:17:Infinity":1,"s:19:23:26:Infinity":2,"s:28:19:53:Infinity":3,"s:55:2:101:Infinity":4,"f:87:20:87:25":1,"s:88:12:98:Infinity":5}}}
,"C:\\Users\\ujjwa\\OneDrive\\Desktop\\voting2k26\\src\\pages\\Timeline.jsx": {"path":"C:\\Users\\ujjwa\\OneDrive\\Desktop\\voting2k26\\src\\pages\\Timeline.jsx","statementMap":{"0":{"start":{"line":7,"column":6},"end":{"line":63,"column":null}},"1":{"start":{"line":8,"column":28},"end":{"line":14,"column":null}},"2":{"start":{"line":16,"column":23},"end":{"line":19,"column":null}},"3":{"start":{"line":21,"column":2},"end":{"line":63,"column":null}},"4":{"start":{"line":39,"column":34},"end":{"line":39,"column":null}},"5":{"start":{"line":40,"column":27},"end":{"line":40,"column":null}},"6":{"start":{"line":42,"column":12},"end":{"line":60,"column":null}}},"fnMap":{"0":{"name":"(anonymous_0)","decl":{"start":{"line":7,"column":6},"end":{"line":7,"column":23}},"loc":{"start":{"line":7,"column":23},"end":{"line":63,"column":null}},"line":7},"1":{"name":"(anonymous_1)","decl":{"start":{"line":38,"column":24},"end":{"line":38,"column":29}},"loc":{"start":{"line":38,"column":45},"end":{"line":60,"column":null}},"line":38}},"branchMap":{"0":{"loc":{"start":{"line":39,"column":34},"end":{"line":39,"column":null}},"type":"binary-expr","locations":[{"start":{"line":39,"column":34},"end":{"line":39,"column":54}},{"start":{"line":39,"column":54},"end":{"line":39,"column":null}}],"line":39},"1":{"loc":{"start":{"line":43,"column":132},"end":{"line":43,"column":null}},"type":"cond-expr","locations":[{"start":{"line":43,"column":141},"end":{"line":43,"column":165}},{"start":{"line":43,"column":165},"end":{"line":43,"column":null}}],"line":43},"2":{"loc":{"start":{"line":46,"column":65},"end":{"line":46,"column":null}},"type":"cond-expr","locations":[{"start":{"line":46,"column":74},"end":{"line":46,"column":111}},{"start":{"line":46,"column":111},"end":{"line":46,"column":null}}],"line":46}},"s":{"0":1,"1":2,"2":2,"3":2,"4":4,"5":4,"6":4},"f":{"0":2,"1":4},"b":{"0":[4,2],"1":[2,2],"2":[2,2]},"meta":{"lastBranch":3,"lastFunction":2,"lastStatement":7,"seen":{"s:7:6:63:Infinity":0,"f:7:6:7:23":0,"s:8:28:14:Infinity":1,"s:16:23:19:Infinity":2,"s:21:2:63:Infinity":3,"f:38:24:38:29":1,"s:39:34:39:Infinity":4,"b:39:34:39:54:39:54:39:Infinity":0,"s:40:27:40:Infinity":5,"s:42:12:60:Infinity":6,"b:43:141:43:165:43:165:43:Infinity":1,"b:46:74:46:111:46:111:46:Infinity":2}}}
}
